<?xml version="1.0" encoding="UTF-8"?>
<!-- Generated by org.testng.reporters.JUnitReportReporter -->
<testsuite hostname="LAPTOP-C016I2SD" failures="0" tests="2" name="Academy.HomePage" time="8.813" errors="0" timestamp="2020-11-23T18:09:43 IST" skipped="0">
  <testcase classname="Academy.HomePage" name="basePagenavigation" time="1.604"/>
  <system-out/>
  <testcase classname="Academy.HomePage" name="basePagenavigation" time="7.209"/>
  <system-out/>
</testsuite> <!-- Academy.HomePage -->
