<?xml version="1.0" encoding="UTF-8"?>
<!-- Generated by org.testng.reporters.JUnitReportReporter -->
<testsuite hostname="LAPTOP-C016I2SD" failures="0" tests="1" name="Academy.validateTitle" time="0.023" errors="0" timestamp="2020-11-23T18:09:43 IST" skipped="0">
  <testcase classname="Academy.validateTitle" name="basePagenavigation" time="0.023"/>
  <system-out/>
</testsuite> <!-- Academy.validateTitle -->
