<?xml version="1.0" encoding="UTF-8"?>
<!-- Generated by org.testng.reporters.JUnitReportReporter -->
<testsuite hostname="LAPTOP-C016I2SD" failures="0" tests="1" name="Academy.AppTest" time="0.009" errors="0" timestamp="23 Nov 2020 12:48:08 GMT" skipped="0">
  <testcase classname="Academy.AppTest" name="shouldAnswerWithTrue" time="0.009"/>
</testsuite> <!-- Academy.AppTest -->
